\BOOKMARK [1][-]{Doc-Start}{\376\377\004\022\004\062\004\065\004\064\004\065\004\075\004\070\004\065}{}% 1
\BOOKMARK [1][-]{section.1}{\376\377\004\036\004\061\004\067\004\076\004\100\000\040\004\073\004\070\004\102\004\065\004\100\004\060\004\102\004\103\004\100\004\075\004\113\004\105\000\040\004\070\004\101\004\102\004\076\004\107\004\075\004\070\004\072\004\076\004\062}{}% 2
\BOOKMARK [2][-]{subsection.1.1}{\376\377\004\024\004\076\004\072\004\103\004\074\004\065\004\075\004\102\004\060\004\106\004\070\004\117\000\040\000P\000y\000t\000h\000o\000n}{section.1}% 3
\BOOKMARK [2][-]{subsection.1.2}{\376\377\004\024\004\076\004\072\004\103\004\074\004\065\004\075\004\102\004\060\004\106\004\070\004\117\000\040\000F\000a\000s\000t\000A\000P\000I}{section.1}% 4
\BOOKMARK [2][-]{subsection.1.3}{\376\377\004\024\004\076\004\072\004\103\004\074\004\065\004\075\004\102\004\060\004\106\004\070\004\117\000\040\000P\000y\000d\000a\000n\000t\000i\000c}{section.1}% 5
\BOOKMARK [2][-]{subsection.1.4}{\376\377\004\024\004\076\004\072\004\103\004\074\004\065\004\075\004\102\004\060\004\106\004\070\004\117\000\040\000P\000o\000s\000t\000g\000r\000e\000S\000Q\000L}{section.1}% 6
\BOOKMARK [1][-]{section.2}{\376\377\004\037\004\076\004\101\004\102\004\060\004\075\004\076\004\062\004\072\004\060\000\040\004\067\004\060\004\064\004\060\004\107\004\070\000\040\004\070\000\040\004\076\004\061\004\067\004\076\004\100\000\040\004\060\004\075\004\060\004\073\004\076\004\063\004\070\004\107\004\075\004\113\004\105\000\040\004\100\004\065\004\110\004\065\004\075\004\070\004\071}{}% 7
\BOOKMARK [2][-]{subsection.2.1}{\376\377\004\037\004\076\004\101\004\102\004\060\004\075\004\076\004\062\004\072\004\060\000\040\004\067\004\060\004\064\004\060\004\107\004\070}{section.2}% 8
\BOOKMARK [2][-]{subsection.2.2}{\376\377\004\036\004\061\004\067\004\076\004\100\000\040\004\060\004\075\004\060\004\073\004\076\004\063\004\070\004\107\004\075\004\113\004\105\000\040\004\100\004\065\004\110\004\065\004\075\004\070\004\071}{section.2}% 9
\BOOKMARK [2][-]{subsection.2.3}{\376\377\004\022\004\113\004\062\004\076\004\064\004\113}{section.2}% 10
\BOOKMARK [1][-]{section.3}{\376\377\004\037\004\100\004\076\004\065\004\072\004\102\004\070\004\100\004\076\004\062\004\060\004\075\004\070\004\065\000\040\004\062\004\065\004\061\000-\004\077\004\100\004\070\004\073\004\076\004\066\004\065\004\075\004\070\004\117}{}% 11
\BOOKMARK [2][-]{subsection.3.1}{\376\377\004\044\004\103\004\075\004\072\004\106\004\070\004\076\004\075\004\060\004\073\004\114\004\075\004\076\004\101\004\102\004\114\000\040\004\062\004\065\004\061\000-\004\077\004\100\004\070\004\073\004\076\004\066\004\065\004\075\004\070\004\117}{section.3}% 12
\BOOKMARK [2][-]{subsection.3.2}{\376\377\004\041\004\102\004\100\004\103\004\072\004\102\004\103\004\100\004\060\000\040\004\061\004\060\004\067\004\113\000\040\004\064\004\060\004\075\004\075\004\113\004\105}{section.3}% 13
\BOOKMARK [2][-]{subsection.3.3}{\376\377\004\020\004\100\004\105\004\070\004\102\004\065\004\072\004\102\004\103\004\100\004\060\000\040\004\062\004\065\004\061\000-\004\077\004\100\004\070\004\073\004\076\004\066\004\065\004\075\004\070\004\117}{section.3}% 14
\BOOKMARK [2][-]{subsection.3.4}{\376\377\004\022\004\113\004\062\004\076\004\064\004\113}{section.3}% 15
\BOOKMARK [1][-]{section.4}{\376\377\004\040\004\065\004\060\004\073\004\070\004\067\004\060\004\106\004\070\004\117\000\040\004\062\004\065\004\061\000-\004\077\004\100\004\070\004\073\004\076\004\066\004\065\004\075\004\070\004\117}{}% 16
\BOOKMARK [2][-]{subsection.4.1}{\376\377\004\036\004\061\004\076\004\101\004\075\004\076\004\062\004\060\004\075\004\070\004\065\000\040\004\062\004\113\004\061\004\076\004\100\004\060\000\040\004\077\004\100\004\076\004\063\004\100\004\060\004\074\004\074\004\075\004\076\004\071\000\040\004\077\004\073\004\060\004\102\004\104\004\076\004\100\004\074\004\113}{section.4}% 17
\BOOKMARK [2][-]{subsection.4.2}{\376\377\004\040\004\065\004\060\004\073\004\070\004\067\004\060\004\106\004\070\004\117\000\040\004\101\004\065\004\100\004\062\004\065\004\100\004\075\004\076\004\071\000\040\004\107\004\060\004\101\004\102\004\070\000\040\004\062\004\065\004\061\000-\004\077\004\100\004\070\004\073\004\076\004\066\004\065\004\075\004\070\004\117}{section.4}% 18
\BOOKMARK [2][-]{subsection.4.3}{\376\377\004\030\004\067\004\074\004\065\004\075\004\065\004\075\004\070\004\065\000\040\004\103\004\107\004\121\004\102\004\075\004\076\004\071\000\040\004\067\004\060\004\077\004\070\004\101\004\070}{section.4}% 19
\BOOKMARK [2][-]{subsection.4.4}{\376\377\004\037\004\100\004\076\004\101\004\074\004\076\004\102\004\100\000\040\004\076\004\102\004\072\004\100\004\113\004\102\004\113\004\105\000\040\004\101\004\065\004\101\004\101\004\070\004\071}{section.4}% 20
\BOOKMARK [2][-]{subsection.4.5}{\376\377\004\027\004\060\004\062\004\065\004\100\004\110\004\065\004\075\004\070\004\065\000\040\004\076\004\102\004\072\004\100\004\113\004\102\004\113\004\105\000\040\004\101\004\065\004\101\004\101\004\070\004\071}{section.4}% 21
\BOOKMARK [2][-]{subsection.4.6}{\376\377\004\030\004\067\004\074\004\065\004\075\004\065\004\075\004\070\004\065\000\040\004\101\004\077\004\070\004\101\004\072\004\060\000\040\004\070\004\101\004\105\004\076\004\064\004\075\004\113\004\105\000\040\004\101\004\102\004\060\004\102\004\065\004\071}{section.4}% 22
\BOOKMARK [2][-]{subsection.4.7}{\376\377\004\030\004\067\004\074\004\065\004\075\004\065\004\075\004\070\004\065\000\040\004\101\004\077\004\070\004\101\004\072\004\060\000\040\004\077\004\065\004\100\004\065\004\062\004\065\004\064\004\121\004\075\004\075\004\113\004\105\000\040\004\101\004\102\004\060\004\102\004\065\004\071}{section.4}% 23
\BOOKMARK [2][-]{subsection.4.8}{\376\377\004\030\004\067\004\074\004\065\004\075\004\065\004\075\004\070\004\065\000\040\004\101\004\077\004\070\004\101\004\072\004\060\000\040\004\066\004\060\004\073\004\076\004\061\000\040\004\075\004\060\000\040\004\077\004\065\004\100\004\065\004\062\004\076\004\064\004\113\000\040\004\101\004\062\004\076\004\070\004\105\000\040\004\101\004\102\004\060\004\102\004\065\004\071}{section.4}% 24
\BOOKMARK [2][-]{subsection.4.9}{\376\377\004\037\004\100\004\076\004\101\004\074\004\076\004\102\004\100\000\040\004\101\004\062\004\076\004\070\004\105\000\040\004\103\004\062\004\065\004\064\004\076\004\074\004\073\004\065\004\075\004\070\004\071}{section.4}% 25
\BOOKMARK [2][-]{subsection.4.10}{\376\377\004\030\004\067\004\074\004\065\004\075\004\065\004\075\004\070\004\065\000\040\004\101\004\077\004\070\004\101\004\072\004\060\000\040\004\072\004\076\004\074\004\074\004\065\004\075\004\102\004\060\004\100\004\070\004\065\004\062\000\040\004\072\000\040\004\066\004\060\004\073\004\076\004\061\004\060\004\074\000\040\004\075\004\060\000\040\004\077\004\065\004\100\004\065\004\062\004\076\004\064\004\113\000\040\004\101\004\062\004\076\004\070\004\105\000\040\004\101\004\102\004\060\004\102\004\065\004\071}{section.4}% 26
\BOOKMARK [2][-]{subsection.4.11}{\376\377\004\030\004\067\004\074\004\065\004\075\004\065\004\075\004\070\004\065\000\040\004\101\004\077\004\070\004\101\004\072\004\060\000\040\004\075\004\060\004\101\004\102\004\100\004\076\004\065\004\072\000\040\004\077\004\065\004\100\004\065\004\062\004\076\004\064\004\107\004\070\004\072\004\060}{section.4}% 27
\BOOKMARK [2][-]{subsection.4.12}{\376\377\004\040\004\065\004\063\004\070\004\101\004\102\004\100\004\060\004\106\004\070\004\117}{section.4}% 28
\BOOKMARK [2][-]{subsection.4.13}{\376\377\004\020\004\103\004\102\004\065\004\075\004\102\004\070\004\104\004\070\004\072\004\060\004\106\004\070\004\117}{section.4}% 29
\BOOKMARK [2][-]{subsection.4.14}{\376\377\004\030\004\067\004\074\004\065\004\075\004\065\004\075\004\070\004\065\000\040\004\101\004\077\004\070\004\101\004\072\004\060\000\040\004\076\004\102\004\072\004\100\004\113\004\102\004\113\004\105\000\040\004\066\004\060\004\073\004\076\004\061}{section.4}% 30
\BOOKMARK [2][-]{subsection.4.15}{\376\377\004\041\004\076\004\067\004\064\004\060\004\075\004\070\004\065\000\040\004\072\004\076\004\074\004\074\004\065\004\075\004\102\004\060\004\100\004\070\004\065\004\062\000\040\004\064\004\073\004\117\000\040\004\066\004\060\004\073\004\076\004\061}{section.4}% 31
\BOOKMARK [2][-]{subsection.4.16}{\376\377\004\037\004\100\004\076\004\101\004\074\004\076\004\102\004\100\000\040\004\101\004\102\004\060\004\102\004\070\004\101\004\102\004\070\004\072\004\070\000\040\004\066\004\060\004\073\004\076\004\061}{section.4}% 32
\BOOKMARK [2][-]{subsection.4.17}{\376\377\004\030\004\067\004\074\004\065\004\075\004\065\004\075\004\070\004\065\000\040\004\101\004\077\004\070\004\101\004\072\004\060\000\040\004\101\004\102\004\070\004\073\004\065\004\071\000\040\004\077\004\065\004\100\004\065\004\062\004\076\004\064\004\060}{section.4}% 33
\BOOKMARK [2][-]{subsection.4.18}{\376\377\004\030\004\067\004\074\004\065\004\075\004\065\004\075\004\070\004\065\000\040\004\101\004\077\004\070\004\101\004\072\004\060\000\040\004\074\004\076\004\064\004\065\004\073\004\065\004\071\000\040\004\077\004\065\004\100\004\065\004\062\004\076\004\064\004\060}{section.4}% 34
\BOOKMARK [2][-]{subsection.4.19}{\376\377\004\030\004\067\004\074\004\065\004\075\004\065\004\075\004\070\004\065\000\040\004\101\004\077\004\070\004\101\004\072\004\060\000\040\004\077\004\076\004\073\004\114\004\067\004\076\004\062\004\060\004\102\004\065\004\073\004\065\004\071}{section.4}% 35
\BOOKMARK [2][-]{subsection.4.20}{\376\377\004\040\004\065\004\060\004\073\004\070\004\067\004\060\004\106\004\070\004\117\000\040\004\061\004\060\004\067\004\113\000\040\004\064\004\060\004\075\004\075\004\113\004\105}{section.4}% 36
\BOOKMARK [2][-]{subsection.4.21}{\376\377\004\040\004\065\004\060\004\073\004\070\004\067\004\060\004\106\004\070\004\117\000\040\004\072\004\073\004\070\004\065\004\075\004\102\004\101\004\072\004\076\004\071\000\040\004\107\004\060\004\101\004\102\004\070\000\040\004\062\004\065\004\061\000-\004\077\004\100\004\070\004\073\004\076\004\066\004\065\004\075\004\070\004\117}{section.4}% 37
\BOOKMARK [2][-]{subsection.4.22}{\376\377\004\022\004\113\004\062\004\076\004\064\004\113}{section.4}% 38
\BOOKMARK [1][-]{section.5}{\376\377\004\042\004\065\004\101\004\102\004\070\004\100\004\076\004\062\004\060\004\075\004\070\004\065\000\040\004\062\004\065\004\061\000-\004\077\004\100\004\070\004\073\004\076\004\066\004\065\004\075\004\070\004\117}{}% 39
\BOOKMARK [2][-]{subsection.5.1}{\376\377\004\044\004\103\004\075\004\072\004\106\004\070\004\076\004\075\004\060\004\073\004\114\004\075\004\076\004\065\000\040\004\102\004\065\004\101\004\102\004\070\004\100\004\076\004\062\004\060\004\075\004\070\004\065}{section.5}% 40
\BOOKMARK [2][-]{subsection.5.2}{\376\377\004\035\004\060\004\063\004\100\004\103\004\067\004\076\004\107\004\075\004\076\004\065\000\040\004\102\004\065\004\101\004\102\004\070\004\100\004\076\004\062\004\060\004\075\004\070\004\065}{section.5}% 41
\BOOKMARK [2][-]{subsection.5.3}{\376\377\004\022\004\113\004\062\004\076\004\064\004\113}{section.5}% 42
\BOOKMARK [1][-]{section.6}{\376\377\004\040\004\103\004\072\004\076\004\062\004\076\004\064\004\101\004\102\004\062\004\076\000\040\004\077\004\100\004\076\004\063\004\100\004\060\004\074\004\074\004\070\004\101\004\102\004\060}{}% 43
\BOOKMARK [2][-]{subsection.6.1}{\376\377\004\035\004\060\004\101\004\102\004\100\004\076\004\071\004\072\004\060\000\040\004\076\004\072\004\100\004\103\004\066\004\065\004\075\004\070\004\117}{section.6}% 44
\BOOKMARK [2][-]{subsection.6.2}{\376\377\004\040\004\060\004\067\004\062\004\121\004\100\004\102\004\113\004\062\004\060\004\075\004\070\004\065\000\040\004\077\004\100\004\070\004\073\004\076\004\066\004\065\004\075\004\070\004\117}{section.6}% 45
\BOOKMARK [2][-]{subsection.6.3}{\376\377\004\037\004\100\004\076\004\062\004\065\004\100\004\072\004\060\000\040\004\100\004\060\004\061\004\076\004\102\004\076\004\101\004\077\004\076\004\101\004\076\004\061\004\075\004\076\004\101\004\102\004\070\000\040\004\077\004\100\004\070\004\073\004\076\004\066\004\065\004\075\004\070\004\117}{section.6}% 46
\BOOKMARK [2][-]{subsection.6.4}{\376\377\004\022\004\113\004\062\004\076\004\064\004\113}{section.6}% 47
\BOOKMARK [1][-]{section.7}{\376\377\004\042\004\065\004\105\004\075\004\070\004\072\004\076\000-\004\115\004\072\004\076\004\075\004\076\004\074\004\070\004\107\004\065\004\101\004\072\004\076\004\065\000\040\004\076\004\061\004\076\004\101\004\075\004\076\004\062\004\060\004\075\004\070\004\065\000\040\004\077\004\100\004\076\004\065\004\072\004\102\004\060}{}% 48
\BOOKMARK [2][-]{subsection.7.1}{\376\377\004\036\004\061\004\111\004\060\004\117\000\040\004\105\004\060\004\100\004\060\004\072\004\102\004\065\004\100\004\070\004\101\004\102\004\070\004\072\004\060\000\040\004\100\004\060\004\067\004\100\004\060\004\061\004\060\004\102\004\113\004\062\004\060\004\065\004\074\004\076\004\063\004\076\000\040\004\077\004\100\004\076\004\063\004\100\004\060\004\074\004\074\004\075\004\076\004\063\004\076\000\040\004\101\004\100\004\065\004\064\004\101\004\102\004\062\004\060}{section.7}% 49
\BOOKMARK [2][-]{subsection.7.2}{\376\377\004\030\004\105\004\076\004\064\004\075\004\113\004\065\000\040\004\064\004\060\004\075\004\075\004\113\004\065\000\040\004\064\004\073\004\117\000\040\004\077\004\100\004\076\004\062\004\065\004\064\004\065\004\075\004\070\004\117\000\040\004\100\004\060\004\101\004\107\004\121\004\102\004\076\004\062}{section.7}% 50
\BOOKMARK [2][-]{subsection.7.3}{\376\377\004\036\004\061\004\076\004\101\004\075\004\076\004\062\004\060\004\075\004\070\004\065\000\040\004\106\004\065\004\075\004\113\000\040\004\077\004\100\004\076\004\063\004\100\004\060\004\074\004\074\004\075\004\076\004\063\004\076\000\040\004\101\004\100\004\065\004\064\004\101\004\102\004\062\004\060}{section.7}% 51
\BOOKMARK [3][-]{subsubsection.7.3.1}{\376\377\004\040\004\060\004\101\004\107\004\121\004\102\000\040\004\067\004\060\004\102\004\100\004\060\004\102\000\040\004\100\004\060\004\061\004\076\004\107\004\065\004\063\004\076\000\040\004\062\004\100\004\065\004\074\004\065\004\075\004\070\000\040\004\075\004\060\000\040\004\100\004\060\004\067\004\100\004\060\004\061\004\076\004\102\004\072\004\103\000\040\004\077\004\100\004\076\004\063\004\100\004\060\004\074\004\074\004\075\004\076\004\063\004\076\000\040\004\101\004\100\004\065\004\064\004\101\004\102\004\062\004\060}{subsection.7.3}% 52
\BOOKMARK [3][-]{subsubsection.7.3.2}{\376\377\004\040\004\060\004\101\004\107\004\121\004\102\000\040\004\076\004\101\004\075\004\076\004\062\004\075\004\076\004\071\000\040\004\067\004\060\004\100\004\060\004\061\004\076\004\102\004\075\004\076\004\071\000\040\004\077\004\073\004\060\004\102\004\113}{subsection.7.3}% 53
\BOOKMARK [3][-]{subsubsection.7.3.3}{\376\377\004\040\004\060\004\101\004\107\004\121\004\102\000\040\004\064\004\076\004\077\004\076\004\073\004\075\004\070\004\102\004\065\004\073\004\114\004\075\004\076\004\071\000\040\004\067\004\060\004\100\004\060\004\061\004\076\004\102\004\075\004\076\004\071\000\040\004\077\004\073\004\060\004\102\004\113}{subsection.7.3}% 54
\BOOKMARK [3][-]{subsubsection.7.3.4}{\376\377\004\040\004\060\004\101\004\107\004\121\004\102\000\040\004\076\004\102\004\107\004\070\004\101\004\073\004\065\004\075\004\070\004\071\000\040\004\062\000\040\004\044\004\076\004\075\004\064\000\040\004\101\004\076\004\106\004\070\004\060\004\073\004\114\004\075\004\076\004\071\000\040\004\067\004\060\004\111\004\070\004\102\004\113\000\040\004\075\004\060\004\101\004\065\004\073\004\065\004\075\004\070\004\117\000\040\004\070\000\040\004\077\004\076\000\040\004\076\004\061\004\117\004\067\004\060\004\102\004\065\004\073\004\114\004\075\004\076\004\074\004\103\000\040\004\101\004\102\004\100\004\060\004\105\004\076\004\062\004\060\004\075\004\070\004\116}{subsection.7.3}% 55
\BOOKMARK [3][-]{subsubsection.7.3.5}{\376\377\004\040\004\060\004\101\004\107\004\121\004\102\000\040\004\101\004\103\004\074\004\074\004\113\000\040\004\077\004\100\004\076\004\107\004\070\004\105\000\040\004\077\004\100\004\117\004\074\004\113\004\105\000\040\004\067\004\060\004\102\004\100\004\060\004\102}{subsection.7.3}% 56
\BOOKMARK [3][-]{subsubsection.7.3.6}{\376\377\004\040\004\060\004\101\004\107\004\121\004\102\000\040\004\101\004\103\004\074\004\074\004\113\000\040\004\075\004\060\004\072\004\073\004\060\004\064\004\075\004\113\004\105\000\040\004\100\004\060\004\101\004\105\004\076\004\064\004\076\004\062}{subsection.7.3}% 57
\BOOKMARK [3][-]{subsubsection.7.3.7}{\376\377\004\041\004\103\004\074\004\074\004\060\000\040\004\100\004\060\004\101\004\105\004\076\004\064\004\076\004\062\000\040\004\075\004\060\000\040\004\100\004\060\004\067\004\100\004\060\004\061\004\076\004\102\004\072\004\103\000\040\004\077\004\100\004\076\004\063\004\100\004\060\004\074\004\074\004\075\004\076\004\063\004\076\000\040\004\101\004\100\004\065\004\064\004\101\004\102\004\062\004\060\000\040\004\070\000\040\004\100\004\060\004\101\004\107\004\121\004\102\000\040\004\077\004\076\004\073\004\075\004\076\004\071\000\040\004\101\004\065\004\061\004\065\004\101\004\102\004\076\004\070\004\074\004\076\004\101\004\102\004\070}{subsection.7.3}% 58
\BOOKMARK [3][-]{subsubsection.7.3.8}{\376\377\004\036\004\077\004\100\004\065\004\064\004\065\004\073\004\065\004\075\004\070\004\065\000\040\004\106\004\065\004\075\004\113}{subsection.7.3}% 59
\BOOKMARK [2][-]{subsection.7.4}{\376\377\004\022\004\113\004\062\004\076\004\064\004\113}{section.7}% 60
\BOOKMARK [1][-]{table.7.5}{\376\377\004\027\004\060\004\072\004\073\004\116\004\107\004\065\004\075\004\070\004\065}{}% 61
\BOOKMARK [1][-]{table.7.5}{\376\377\004\041\004\077\004\070\004\101\004\076\004\072\000\040\004\070\004\101\004\077\004\076\004\073\004\114\004\067\004\076\004\062\004\060\004\075\004\075\004\113\004\105\000\040\004\070\004\101\004\102\004\076\004\107\004\075\004\070\004\072\004\076\004\062}{}% 62
